<?xml version="1.0" encoding="UTF-8"?>
<!-- Generated by org.testng.reporters.JUnitReportReporter -->
<testsuite hostname="DESKTOP-9QNQ3PS" failures="0" tests="1" name="com.actitime.testscript.UserModule" time="46.493" errors="0" timestamp="2024-05-26T20:16:26 IST" skipped="0">
  <testcase classname="com.actitime.testscript.UserModule" name="createAndDeleteUser" time="46.493"/>
  <system-out>
    <![CDATA[createAndDeleteUser testcase has been passed]]>
  </system-out>
</testsuite> <!-- com.actitime.testscript.UserModule -->
